Command line:
   Enable190_isim_beh.exe
     -simmode  gui
     -simrunnum  0
     -socket  58680

Fri Sep 18 11:39:27 2015


 Elaboration Time: 0.01 sec

 Current Memory Usage: 157.835 Meg

 Total Signals          : 64
 Total Nets             : 77
 Total Signal Drivers   : 18
 Total Blocks           : 13
 Total Primitive Blocks : 12
 Total Processes        : 18
 Total Traceable Variables  : 19
 Total Scalar Nets and Variables : 600
Total Line Count : 26

 Total Simulation Time: 0.03 sec

 Current Memory Usage: 232.292 Meg

Fri Sep 18 11:41:03 2015

