Release 12.4 - xst M.81d (nt)
Copyright (c) 1995-2010 Xilinx, Inc.  All rights reserved.
--> Parameter TMPDIR set to xst/projnav.tmp


Total REAL time to Xst completion: 0.00 secs
Total CPU time to Xst completion: 0.17 secs
 
--> Parameter xsthdpdir set to xst


Total REAL time to Xst completion: 0.00 secs
Total CPU time to Xst completion: 0.17 secs
 
--> Reading design: toplevel.prj

TABLE OF CONTENTS
  1) Synthesis Options Summary
  2) HDL Parsing
  3) HDL Elaboration
  4) HDL Synthesis
       4.1) HDL Synthesis Report
  5) Advanced HDL Synthesis
       5.1) Advanced HDL Synthesis Report
  6) Low Level Synthesis
  7) Partition Report
  8) Design Summary
       8.1) Primitive and Black Box Usage
       8.2) Device utilization summary
       8.3) Partition Resource Summary
       8.4) Timing Report
            8.4.1) Clock Information
            8.4.2) Asynchronous Control Signals Information
            8.4.3) Timing Summary
            8.4.4) Timing Details
            8.4.5) Cross Clock Domains Report


=========================================================================
*                      Synthesis Options Summary                        *
=========================================================================
---- Source Parameters
Input File Name                    : "toplevel.prj"
Input Format                       : mixed
Ignore Synthesis Constraint File   : NO

---- Target Parameters
Output File Name                   : "toplevel"
Output Format                      : NGC
Target Device                      : xc6slx16-3-csg324

---- Source Options
Top Module Name                    : toplevel
Automatic FSM Extraction           : YES
FSM Encoding Algorithm             : Auto
Safe Implementation                : No
FSM Style                          : LUT
RAM Extraction                     : Yes
RAM Style                          : Auto
ROM Extraction                     : Yes
Shift Register Extraction          : YES
ROM Style                          : Auto
Resource Sharing                   : YES
Asynchronous To Synchronous        : NO
Shift Register Minimum Size        : 2
Use DSP Block                      : Auto
Automatic Register Balancing       : No

---- Target Options
LUT Combining                      : Auto
Reduce Control Sets                : Auto
Add IO Buffers                     : YES
Global Maximum Fanout              : 100000
Add Generic Clock Buffer(BUFG)     : 16
Register Duplication               : YES
Optimize Instantiated Primitives   : NO
Use Clock Enable                   : Auto
Use Synchronous Set                : Auto
Use Synchronous Reset              : Auto
Pack IO Registers into IOBs        : Auto
Equivalent register Removal        : YES

---- General Options
Optimization Goal                  : Speed
Optimization Effort                : 1
Power Reduction                    : NO
Keep Hierarchy                     : No
Netlist Hierarchy                  : As_Optimized
RTL Output                         : Yes
Global Optimization                : AllClockNets
Read Cores                         : YES
Write Timing Constraints           : NO
Cross Clock Analysis               : NO
Hierarchy Separator                : /
Bus Delimiter                      : <>
Case Specifier                     : Maintain
Slice Utilization Ratio            : 100
BRAM Utilization Ratio             : 100
DSP48 Utilization Ratio            : 100
Auto BRAM Packing                  : NO
Slice Utilization Ratio Delta      : 5

---- Other Options
Cores Search Directories           : {"ipcore_dir/tmp/_cg"  }

=========================================================================


=========================================================================
*                          HDL Parsing                                  *
=========================================================================
Parsing VHDL file "\Documents and Settings\JF\My Documents\Fac\AEO\TP2_2\../TP1/X7seg.vhd" into library work
Parsing entity <X7seg>.
Parsing architecture <Behavioral> of entity <x7seg>.
Parsing VHDL file "\Documents and Settings\JF\My Documents\Fac\AEO\TP2_2\Enable190.vhf" into library work
Parsing entity <CB4CE_HXILINX_Enable190>.
Parsing architecture <Behavioral> of entity <cb4ce_hxilinx_enable190>.
Parsing entity <CB16CE_HXILINX_Enable190>.
Parsing architecture <Behavioral> of entity <cb16ce_hxilinx_enable190>.
Parsing entity <Enable190>.
Parsing architecture <BEHAVIORAL> of entity <enable190>.
Parsing VHDL file "\Documents and Settings\JF\My Documents\Fac\AEO\TP2_2\ipcore_dir/tmp/_cg/timer.vhd" into library work
Parsing entity <timer>.
Parsing architecture <xilinx> of entity <timer>.
Parsing VHDL file "\Documents and Settings\JF\My Documents\Fac\AEO\TP2_2\broadcast.vhf" into library work
Parsing entity <broadcast>.
Parsing architecture <BEHAVIORAL> of entity <broadcast>.
Parsing VHDL file "\Documents and Settings\JF\My Documents\Fac\AEO\TP2_2\RDM.vhf" into library work
Parsing entity <RDM>.
Parsing architecture <BEHAVIORAL> of entity <rdm>.
Parsing VHDL file "\Documents and Settings\JF\My Documents\Fac\AEO\TP2_2\pulse.vhf" into library work
Parsing entity <pulse>.
Parsing architecture <BEHAVIORAL> of entity <pulse>.
Parsing VHDL file "\Documents and Settings\JF\My Documents\Fac\AEO\TP2_2\afficheur.vhf" into library work
Parsing entity <CB4CE_HXILINX_afficheur>.
Parsing architecture <Behavioral> of entity <cb4ce_hxilinx_afficheur>.
Parsing entity <CB16CE_HXILINX_afficheur>.
Parsing architecture <Behavioral> of entity <cb16ce_hxilinx_afficheur>.
Parsing entity <M4_1E_HXILINX_afficheur>.
Parsing architecture <M4_1E_HXILINX_afficheur_V> of entity <m4_1e_hxilinx_afficheur>.
Parsing entity <CB2CE_HXILINX_afficheur>.
Parsing architecture <Behavioral> of entity <cb2ce_hxilinx_afficheur>.
Parsing entity <shiftanodes_MUSER_afficheur>.
Parsing architecture <BEHAVIORAL> of entity <shiftanodes_muser_afficheur>.
Parsing entity <Enable190_MUSER_afficheur>.
Parsing architecture <BEHAVIORAL> of entity <enable190_muser_afficheur>.
Parsing entity <Mux4x4_MUSER_afficheur>.
Parsing architecture <BEHAVIORAL> of entity <mux4x4_muser_afficheur>.
Parsing entity <afficheur>.
Parsing architecture <BEHAVIORAL> of entity <afficheur>.
Parsing VHDL file "\Documents and Settings\JF\My Documents\Fac\AEO\TP2_2\toplevel.vhf" into library work
Parsing entity <OBUF8_HXILINX_toplevel>.
Parsing architecture <OBUF8_HXILINX_toplevel_V> of entity <obuf8_hxilinx_toplevel>.
Parsing entity <COMP8_HXILINX_toplevel>.
Parsing architecture <COMP8_HXILINX_toplevel_V> of entity <comp8_hxilinx_toplevel>.
Parsing entity <D3_8E_HXILINX_toplevel>.
Parsing architecture <D3_8E_HXILINX_toplevel_V> of entity <d3_8e_hxilinx_toplevel>.
Parsing entity <broadcast_MUSER_toplevel>.
Parsing architecture <BEHAVIORAL> of entity <broadcast_muser_toplevel>.
Parsing entity <toplevel>.
Parsing architecture <BEHAVIORAL> of entity <toplevel>.

=========================================================================
*                            HDL Elaboration                            *
=========================================================================

Elaborating entity <toplevel> (architecture <BEHAVIORAL>) from library <work>.

Elaborating entity <RDM> (architecture <BEHAVIORAL>) from library <work>.

Elaborating entity <pulse> (architecture <BEHAVIORAL>) from library <work>.

Elaborating entity <timer> (architecture <xilinx>) from library <work>.

Elaborating entity <Enable190> (architecture <BEHAVIORAL>) from library <work>.

Elaborating entity <CB16CE_HXILINX_Enable190> (architecture <Behavioral>) from library <work>.

Elaborating entity <CB4CE_HXILINX_Enable190> (architecture <Behavioral>) from library <work>.
WARNING:HDLCompiler:634 - "\Documents and Settings\JF\My Documents\Fac\AEO\TP2_2\Enable190.vhf" Line 138: Net <XLXI_1_CLR_openSignal> does not have a driver.
WARNING:HDLCompiler:634 - "\Documents and Settings\JF\My Documents\Fac\AEO\TP2_2\Enable190.vhf" Line 139: Net <XLXI_2_CLR_openSignal> does not have a driver.

Elaborating entity <afficheur> (architecture <BEHAVIORAL>) from library <work>.

Elaborating entity <Mux4x4_MUSER_afficheur> (architecture <BEHAVIORAL>) from library <work>.

Elaborating entity <M4_1E_HXILINX_afficheur> (architecture <M4_1E_HXILINX_afficheur_V>) from library <work>.
INFO:HDLCompiler:679 - "\Documents and Settings\JF\My Documents\Fac\AEO\TP2_2\afficheur.vhf" Line 151. Case statement is complete. others clause is never selected

Elaborating entity <X7seg> (architecture <Behavioral>) from library <work>.

Elaborating entity <CB2CE_HXILINX_afficheur> (architecture <Behavioral>) from library <work>.

Elaborating entity <Enable190_MUSER_afficheur> (architecture <BEHAVIORAL>) from library <work>.

Elaborating entity <CB16CE_HXILINX_afficheur> (architecture <Behavioral>) from library <work>.

Elaborating entity <CB4CE_HXILINX_afficheur> (architecture <Behavioral>) from library <work>.
WARNING:HDLCompiler:634 - "\Documents and Settings\JF\My Documents\Fac\AEO\TP2_2\afficheur.vhf" Line 283: Net <XLXI_1_CLR_openSignal> does not have a driver.
WARNING:HDLCompiler:634 - "\Documents and Settings\JF\My Documents\Fac\AEO\TP2_2\afficheur.vhf" Line 284: Net <XLXI_2_CLR_openSignal> does not have a driver.

Elaborating entity <shiftanodes_MUSER_afficheur> (architecture <BEHAVIORAL>) from library <work>.
WARNING:HDLCompiler:634 - "\Documents and Settings\JF\My Documents\Fac\AEO\TP2_2\afficheur.vhf" Line 485: Net <XLXI_3_CLR_openSignal> does not have a driver.

Elaborating entity <broadcast_MUSER_toplevel> (architecture <BEHAVIORAL>) from library <work>.

Elaborating entity <COMP8_HXILINX_toplevel> (architecture <COMP8_HXILINX_toplevel_V>) from library <work>.

Elaborating entity <OBUF8_HXILINX_toplevel> (architecture <OBUF8_HXILINX_toplevel_V>) from library <work>.

Elaborating entity <D3_8E_HXILINX_toplevel> (architecture <D3_8E_HXILINX_toplevel_V>) from library <work>.
INFO:HDLCompiler:679 - "\Documents and Settings\JF\My Documents\Fac\AEO\TP2_2\toplevel.vhf" Line 100. Case statement is complete. others clause is never selected
WARNING:HDLCompiler:634 - "\Documents and Settings\JF\My Documents\Fac\AEO\TP2_2\toplevel.vhf" Line 230: Net <XLXI_8_B_openSignal[7]> does not have a driver.

=========================================================================
*                           HDL Synthesis                               *
=========================================================================

Synthesizing Unit <toplevel>.
    Related source file is "/documents and settings/jf/my documents/fac/aeo/tp2_2/toplevel.vhf".
    Set property "HU_SET = XLXI_8_0" for instance <XLXI_8>.
    Set property "HU_SET = XLXI_9_1" for instance <XLXI_9>.
    Set property "HU_SET = XLXI_10_2" for instance <XLXI_10>.
INFO:Xst:3010 - "/documents and settings/jf/my documents/fac/aeo/tp2_2/toplevel.vhf" line 313: Output port <CLK_OUT2> of the instance <XLXI_3> is unconnected or connected to loadless signal.
WARNING:Xst:653 - Signal <XLXI_8_B_openSignal> is used but never assigned. This sourceless signal will be automatically connected to value GND.
    Summary:
	no macro.
Unit <toplevel> synthesized.

Synthesizing Unit <RDM>.
    Related source file is "/documents and settings/jf/my documents/fac/aeo/tp2_2/rdm.vhf".
    Summary:
	no macro.
Unit <RDM> synthesized.

Synthesizing Unit <pulse>.
    Related source file is "/documents and settings/jf/my documents/fac/aeo/tp2_2/pulse.vhf".
    Summary:
	no macro.
Unit <pulse> synthesized.

Synthesizing Unit <timer>.
    Related source file is "/documents and settings/jf/my documents/fac/aeo/tp2_2/ipcore_dir/tmp/_cg/timer.vhd".
    Summary:
	no macro.
Unit <timer> synthesized.

Synthesizing Unit <Enable190>.
    Related source file is "/documents and settings/jf/my documents/fac/aeo/tp2_2/enable190.vhf".
    Set property "HU_SET = XLXI_1_0" for instance <XLXI_1>.
    Set property "HU_SET = XLXI_2_1" for instance <XLXI_2>.
INFO:Xst:3010 - "/documents and settings/jf/my documents/fac/aeo/tp2_2/enable190.vhf" line 190: Output port <Q> of the instance <XLXI_1> is unconnected or connected to loadless signal.
INFO:Xst:3010 - "/documents and settings/jf/my documents/fac/aeo/tp2_2/enable190.vhf" line 190: Output port <TC> of the instance <XLXI_1> is unconnected or connected to loadless signal.
INFO:Xst:3010 - "/documents and settings/jf/my documents/fac/aeo/tp2_2/enable190.vhf" line 198: Output port <CEO> of the instance <XLXI_2> is unconnected or connected to loadless signal.
INFO:Xst:3010 - "/documents and settings/jf/my documents/fac/aeo/tp2_2/enable190.vhf" line 198: Output port <Q0> of the instance <XLXI_2> is unconnected or connected to loadless signal.
INFO:Xst:3010 - "/documents and settings/jf/my documents/fac/aeo/tp2_2/enable190.vhf" line 198: Output port <Q1> of the instance <XLXI_2> is unconnected or connected to loadless signal.
INFO:Xst:3010 - "/documents and settings/jf/my documents/fac/aeo/tp2_2/enable190.vhf" line 198: Output port <Q3> of the instance <XLXI_2> is unconnected or connected to loadless signal.
INFO:Xst:3010 - "/documents and settings/jf/my documents/fac/aeo/tp2_2/enable190.vhf" line 198: Output port <TC> of the instance <XLXI_2> is unconnected or connected to loadless signal.
WARNING:Xst:653 - Signal <XLXI_1_CLR_openSignal> is used but never assigned. This sourceless signal will be automatically connected to value GND.
WARNING:Xst:653 - Signal <XLXI_2_CLR_openSignal> is used but never assigned. This sourceless signal will be automatically connected to value GND.
    Summary:
	no macro.
Unit <Enable190> synthesized.

Synthesizing Unit <CB16CE_HXILINX_Enable190>.
    Related source file is "/documents and settings/jf/my documents/fac/aeo/tp2_2/enable190.vhf".
    Found 16-bit register for signal <COUNT>.
    Found 16-bit adder for signal <COUNT[15]_GND_17_o_add_0_OUT> created at line 105.
    Summary:
	inferred   1 Adder/Subtractor(s).
	inferred  16 D-type flip-flop(s).
	inferred   1 Multiplexer(s).
Unit <CB16CE_HXILINX_Enable190> synthesized.

Synthesizing Unit <CB4CE_HXILINX_Enable190>.
    Related source file is "/documents and settings/jf/my documents/fac/aeo/tp2_2/enable190.vhf".
    Found 4-bit register for signal <COUNT>.
    Found 4-bit adder for signal <COUNT[3]_GND_18_o_add_0_OUT> created at line 57.
    Summary:
	inferred   1 Adder/Subtractor(s).
	inferred   4 D-type flip-flop(s).
	inferred   1 Multiplexer(s).
Unit <CB4CE_HXILINX_Enable190> synthesized.

Synthesizing Unit <afficheur>.
    Related source file is "/documents and settings/jf/my documents/fac/aeo/tp2_2/afficheur.vhf".
    Set property "HU_SET = XLXI_3_6" for instance <XLXI_3>.
INFO:Xst:3010 - "/documents and settings/jf/my documents/fac/aeo/tp2_2/afficheur.vhf" line 535: Output port <CEO> of the instance <XLXI_3> is unconnected or connected to loadless signal.
INFO:Xst:3010 - "/documents and settings/jf/my documents/fac/aeo/tp2_2/afficheur.vhf" line 535: Output port <TC> of the instance <XLXI_3> is unconnected or connected to loadless signal.
WARNING:Xst:653 - Signal <XLXI_3_CLR_openSignal> is used but never assigned. This sourceless signal will be automatically connected to value GND.
    Summary:
	no macro.
Unit <afficheur> synthesized.

Synthesizing Unit <Mux4x4_MUSER_afficheur>.
    Related source file is "/documents and settings/jf/my documents/fac/aeo/tp2_2/afficheur.vhf".
    Set property "HU_SET = XLXI_1_2" for instance <XLXI_1>.
    Set property "HU_SET = XLXI_2_3" for instance <XLXI_2>.
    Set property "HU_SET = XLXI_3_4" for instance <XLXI_3>.
    Set property "HU_SET = XLXI_4_5" for instance <XLXI_4>.
    Summary:
	no macro.
Unit <Mux4x4_MUSER_afficheur> synthesized.

Synthesizing Unit <M4_1E_HXILINX_afficheur>.
    Related source file is "/documents and settings/jf/my documents/fac/aeo/tp2_2/afficheur.vhf".
    Found 1-bit 4-to-1 multiplexer for signal <S1_D3_Mux_0_o> created at line 146.
    Summary:
	inferred   2 Multiplexer(s).
Unit <M4_1E_HXILINX_afficheur> synthesized.

Synthesizing Unit <X7seg>.
    Related source file is "/documents and settings/jf/my documents/fac/aeo/tp1/x7seg.vhd".
    Found 16x7-bit Read Only RAM for signal <sevenseg>
    Summary:
	inferred   1 RAM(s).
Unit <X7seg> synthesized.

Synthesizing Unit <CB2CE_HXILINX_afficheur>.
    Related source file is "/documents and settings/jf/my documents/fac/aeo/tp2_2/afficheur.vhf".
    Found 2-bit register for signal <COUNT>.
    Found 2-bit adder for signal <COUNT[1]_GND_23_o_add_0_OUT> created at line 190.
    Summary:
	inferred   1 Adder/Subtractor(s).
	inferred   2 D-type flip-flop(s).
	inferred   1 Multiplexer(s).
Unit <CB2CE_HXILINX_afficheur> synthesized.

Synthesizing Unit <Enable190_MUSER_afficheur>.
    Related source file is "/documents and settings/jf/my documents/fac/aeo/tp2_2/afficheur.vhf".
    Set property "HU_SET = XLXI_1_0" for instance <XLXI_1>.
    Set property "HU_SET = XLXI_2_1" for instance <XLXI_2>.
INFO:Xst:3010 - "/documents and settings/jf/my documents/fac/aeo/tp2_2/afficheur.vhf" line 335: Output port <Q> of the instance <XLXI_1> is unconnected or connected to loadless signal.
INFO:Xst:3010 - "/documents and settings/jf/my documents/fac/aeo/tp2_2/afficheur.vhf" line 335: Output port <TC> of the instance <XLXI_1> is unconnected or connected to loadless signal.
INFO:Xst:3010 - "/documents and settings/jf/my documents/fac/aeo/tp2_2/afficheur.vhf" line 343: Output port <CEO> of the instance <XLXI_2> is unconnected or connected to loadless signal.
INFO:Xst:3010 - "/documents and settings/jf/my documents/fac/aeo/tp2_2/afficheur.vhf" line 343: Output port <Q0> of the instance <XLXI_2> is unconnected or connected to loadless signal.
INFO:Xst:3010 - "/documents and settings/jf/my documents/fac/aeo/tp2_2/afficheur.vhf" line 343: Output port <Q1> of the instance <XLXI_2> is unconnected or connected to loadless signal.
INFO:Xst:3010 - "/documents and settings/jf/my documents/fac/aeo/tp2_2/afficheur.vhf" line 343: Output port <Q3> of the instance <XLXI_2> is unconnected or connected to loadless signal.
INFO:Xst:3010 - "/documents and settings/jf/my documents/fac/aeo/tp2_2/afficheur.vhf" line 343: Output port <TC> of the instance <XLXI_2> is unconnected or connected to loadless signal.
WARNING:Xst:653 - Signal <XLXI_1_CLR_openSignal> is used but never assigned. This sourceless signal will be automatically connected to value GND.
WARNING:Xst:653 - Signal <XLXI_2_CLR_openSignal> is used but never assigned. This sourceless signal will be automatically connected to value GND.
    Summary:
	no macro.
Unit <Enable190_MUSER_afficheur> synthesized.

Synthesizing Unit <CB16CE_HXILINX_afficheur>.
    Related source file is "/documents and settings/jf/my documents/fac/aeo/tp2_2/afficheur.vhf".
    Found 16-bit register for signal <COUNT>.
    Found 16-bit adder for signal <COUNT[15]_GND_25_o_add_0_OUT> created at line 105.
    Summary:
	inferred   1 Adder/Subtractor(s).
	inferred  16 D-type flip-flop(s).
	inferred   1 Multiplexer(s).
Unit <CB16CE_HXILINX_afficheur> synthesized.

Synthesizing Unit <CB4CE_HXILINX_afficheur>.
    Related source file is "/documents and settings/jf/my documents/fac/aeo/tp2_2/afficheur.vhf".
    Found 4-bit register for signal <COUNT>.
    Found 4-bit adder for signal <COUNT[3]_GND_26_o_add_0_OUT> created at line 57.
    Summary:
	inferred   1 Adder/Subtractor(s).
	inferred   4 D-type flip-flop(s).
	inferred   1 Multiplexer(s).
Unit <CB4CE_HXILINX_afficheur> synthesized.

Synthesizing Unit <shiftanodes_MUSER_afficheur>.
    Related source file is "/documents and settings/jf/my documents/fac/aeo/tp2_2/afficheur.vhf".
    Summary:
	no macro.
Unit <shiftanodes_MUSER_afficheur> synthesized.

Synthesizing Unit <broadcast_MUSER_toplevel>.
    Related source file is "/documents and settings/jf/my documents/fac/aeo/tp2_2/toplevel.vhf".
    Summary:
	no macro.
Unit <broadcast_MUSER_toplevel> synthesized.

Synthesizing Unit <COMP8_HXILINX_toplevel>.
    Related source file is "/documents and settings/jf/my documents/fac/aeo/tp2_2/toplevel.vhf".
    Found 8-bit comparator equal for signal <EQ> created at line 55
    Summary:
	inferred   1 Comparator(s).
Unit <COMP8_HXILINX_toplevel> synthesized.

Synthesizing Unit <OBUF8_HXILINX_toplevel>.
    Related source file is "/documents and settings/jf/my documents/fac/aeo/tp2_2/toplevel.vhf".
    Summary:
	no macro.
Unit <OBUF8_HXILINX_toplevel> synthesized.

Synthesizing Unit <D3_8E_HXILINX_toplevel>.
    Related source file is "/documents and settings/jf/my documents/fac/aeo/tp2_2/toplevel.vhf".
    Summary:
	inferred   1 Multiplexer(s).
Unit <D3_8E_HXILINX_toplevel> synthesized.

=========================================================================
HDL Synthesis Report

Macro Statistics
# RAMs                                                 : 1
 16x7-bit single-port Read Only RAM                    : 1
# Adders/Subtractors                                   : 5
 16-bit adder                                          : 2
 2-bit adder                                           : 1
 4-bit adder                                           : 2
# Registers                                            : 5
 16-bit register                                       : 2
 2-bit register                                        : 1
 4-bit register                                        : 2
# Comparators                                          : 1
 8-bit comparator equal                                : 1
# Multiplexers                                         : 14
 1-bit 2-to-1 multiplexer                              : 9
 1-bit 4-to-1 multiplexer                              : 4
 8-bit 2-to-1 multiplexer                              : 1

=========================================================================

=========================================================================
*                       Advanced HDL Synthesis                          *
=========================================================================


Synthesizing (advanced) Unit <CB16CE_HXILINX_Enable190>.
The following registers are absorbed into counter <COUNT>: 1 register on signal <COUNT>.
Unit <CB16CE_HXILINX_Enable190> synthesized (advanced).

Synthesizing (advanced) Unit <CB16CE_HXILINX_afficheur>.
The following registers are absorbed into counter <COUNT>: 1 register on signal <COUNT>.
Unit <CB16CE_HXILINX_afficheur> synthesized (advanced).

Synthesizing (advanced) Unit <CB2CE_HXILINX_afficheur>.
The following registers are absorbed into counter <COUNT>: 1 register on signal <COUNT>.
Unit <CB2CE_HXILINX_afficheur> synthesized (advanced).

Synthesizing (advanced) Unit <CB4CE_HXILINX_Enable190>.
The following registers are absorbed into counter <COUNT>: 1 register on signal <COUNT>.
Unit <CB4CE_HXILINX_Enable190> synthesized (advanced).

Synthesizing (advanced) Unit <CB4CE_HXILINX_afficheur>.
The following registers are absorbed into counter <COUNT>: 1 register on signal <COUNT>.
Unit <CB4CE_HXILINX_afficheur> synthesized (advanced).

Synthesizing (advanced) Unit <X7seg>.
INFO:Xst:3031 - HDL ADVISOR - The RAM <Mram_sevenseg> will be implemented on LUTs either because you have described an asynchronous read or because of currently unsupported block RAM features. If you have described an asynchronous read, making it synchronous would allow you to take advantage of available block RAM resources, for optimized device usage and improved timings. Please refer to your documentation for coding guidelines.
    -----------------------------------------------------------------------
    | ram_type           | Distributed                         |          |
    -----------------------------------------------------------------------
    | Port A                                                              |
    |     aspect ratio   | 16-word x 7-bit                     |          |
    |     weA            | connected to signal <GND>           | high     |
    |     addrA          | connected to signal <Sw>            |          |
    |     diA            | connected to signal <GND>           |          |
    |     doA            | connected to signal <sevenseg>      |          |
    -----------------------------------------------------------------------
Unit <X7seg> synthesized (advanced).

=========================================================================
Advanced HDL Synthesis Report

Macro Statistics
# RAMs                                                 : 1
 16x7-bit single-port distributed Read Only RAM        : 1
# Counters                                             : 5
 16-bit up counter                                     : 2
 2-bit up counter                                      : 1
 4-bit up counter                                      : 2
# Registers                                            : 18
 Flip-Flops                                            : 18
# Comparators                                          : 1
 8-bit comparator equal                                : 1
# Multiplexers                                         : 9
 1-bit 2-to-1 multiplexer                              : 4
 1-bit 4-to-1 multiplexer                              : 4
 8-bit 2-to-1 multiplexer                              : 1

=========================================================================

=========================================================================
*                         Low Level Synthesis                           *
=========================================================================

Optimizing unit <toplevel> ...

Optimizing unit <pulse> ...

Optimizing unit <CB16CE_HXILINX_Enable190> ...

Optimizing unit <CB4CE_HXILINX_Enable190> ...

Optimizing unit <CB2CE_HXILINX_afficheur> ...

Optimizing unit <CB16CE_HXILINX_afficheur> ...

Optimizing unit <CB4CE_HXILINX_afficheur> ...

Optimizing unit <M4_1E_HXILINX_afficheur> ...

Optimizing unit <D3_8E_HXILINX_toplevel> ...

Optimizing unit <COMP8_HXILINX_toplevel> ...

Optimizing unit <OBUF8_HXILINX_toplevel> ...

Optimizing unit <broadcast_MUSER_toplevel> ...
WARNING:Xst:2677 - Node <COUNT_3> of sequential type is unconnected in block <XLXI_4/XLXI_2>.
WARNING:Xst:2677 - Node <COUNT_3> of sequential type is unconnected in block <XLXI_5/XLXI_5/XLXI_2>.

Mapping all equations...
Building and optimizing final netlist ...
Found area constraint ratio of 100 (+ 5) on block toplevel, actual ratio is 0.

Final Macro Processing ...

=========================================================================
Final Register Report

Macro Statistics
# Registers                                            : 58
 Flip-Flops                                            : 58

=========================================================================

=========================================================================
*                           Partition Report                            *
=========================================================================

Partition Implementation Status
-------------------------------

  No Partitions were found in this design.

-------------------------------

=========================================================================
*                            Design Summary                             *
=========================================================================

Top Level Output File Name         : toplevel.ngc

Primitive and Black Box Usage:
------------------------------
# BELS                             : 157
#      AND3                        : 2
#      BUF                         : 16
#      GND                         : 3
#      INV                         : 8
#      LUT1                        : 30
#      LUT2                        : 3
#      LUT3                        : 11
#      LUT4                        : 7
#      LUT6                        : 11
#      MUXCY                       : 30
#      VCC                         : 3
#      XOR2                        : 1
#      XORCY                       : 32
# FlipFlops/Latches                : 58
#      FD                          : 7
#      FDCE                        : 40
#      FDE                         : 11
# Clock Buffers                    : 2
#      BUFG                        : 2
# IO Buffers                       : 21
#      IBUF                        : 1
#      IBUFG                       : 1
#      OBUF                        : 19
# DCMs                             : 1
#      DCM_SP                      : 1
# Logical                          : 2
#      NOR2                        : 2

Device utilization summary:
---------------------------

Selected Device : 6slx16csg324-3 


Slice Logic Utilization: 
 Number of Slice Registers:              58  out of  18224     0%  
 Number of Slice LUTs:                   70  out of   9112     0%  
    Number used as Logic:                70  out of   9112     0%  

Slice Logic Distribution: 
 Number of LUT Flip Flop pairs used:    128
   Number with an unused Flip Flop:      70  out of    128    54%  
   Number with an unused LUT:            58  out of    128    45%  
   Number of fully used LUT-FF pairs:     0  out of    128     0%  
   Number of unique control sets:         9

IO Utilization: 
 Number of IOs:                          21
 Number of bonded IOBs:                  21  out of    232     9%  

Specific Feature Utilization:
 Number of BUFG/BUFGCTRLs:                2  out of     16    12%  

---------------------------
Partition Resource Summary:
---------------------------

  No Partitions were found in this design.

---------------------------


=========================================================================
Timing Report

NOTE: THESE TIMING NUMBERS ARE ONLY A SYNTHESIS ESTIMATE.
      FOR ACCURATE TIMING INFORMATION PLEASE REFER TO THE TRACE REPORT
      GENERATED AFTER PLACE-and-ROUTE.

Clock Information:
------------------
-----------------------------------+-------------------------+-------+
Clock Signal                       | Clock buffer(FF name)   | Load  |
-----------------------------------+-------------------------+-------+
clk                                | XLXI_3/dcm_sp_inst:CLK2X| 58    |
-----------------------------------+-------------------------+-------+

Asynchronous Control Signals Information:
----------------------------------------
No asynchronous control signals found in this design

Timing Summary:
---------------
Speed Grade: -3

   Minimum period: 6.981ns (Maximum Frequency: 143.252MHz)
   Minimum input arrival time before clock: 1.903ns
   Maximum output required time after clock: 10.282ns
   Maximum combinational path delay: No path found

Timing Details:
---------------
All values displayed in nanoseconds (ns)

=========================================================================
Timing constraint: Default period analysis for Clock 'clk'
  Clock period: 6.981ns (frequency: 143.252MHz)
  Total number of paths / destination ports: 433 / 76
-------------------------------------------------------------------------
Delay:               3.490ns (Levels of Logic = 3)
  Source:            XLXI_4/XLXI_1/COUNT_5 (FF)
  Destination:       XLXI_4/XLXI_2/COUNT_0 (FF)
  Source Clock:      clk rising 2.0X
  Destination Clock: clk rising 2.0X

  Data Path: XLXI_4/XLXI_1/COUNT_5 to XLXI_4/XLXI_2/COUNT_0
                                Gate     Net
    Cell:in->out      fanout   Delay   Delay  Logical Name (Net Name)
    ----------------------------------------  ------------
     FDCE:C->Q             2   0.447   0.981  COUNT_5 (COUNT_5)
     LUT6:I0->O            1   0.203   0.684  COUNT[15]_PWR_12_o_equal_5_o<15>2 (COUNT[15]_PWR_12_o_equal_5_o<15>1)
     LUT6:I4->O            3   0.203   0.650  COUNT[15]_PWR_12_o_equal_5_o<15>3 (CEO)
     end scope: 'XLXI_4/XLXI_1'
     begin scope: 'XLXI_4/XLXI_2'
     FDCE:CE                   0.322          COUNT_0
    ----------------------------------------
    Total                      3.490ns (1.175ns logic, 2.315ns route)
                                       (33.7% logic, 66.3% route)

=========================================================================
Timing constraint: Default OFFSET IN BEFORE for Clock 'clk'
  Total number of paths / destination ports: 1 / 1
-------------------------------------------------------------------------
Offset:              1.903ns (Levels of Logic = 1)
  Source:            btn0 (PAD)
  Destination:       XLXI_2/XLXI_1 (FF)
  Destination Clock: clk rising 2.0X

  Data Path: btn0 to XLXI_2/XLXI_1
                                Gate     Net
    Cell:in->out      fanout   Delay   Delay  Logical Name (Net Name)
    ----------------------------------------  ------------
     IBUF:I->O             1   1.222   0.579  btn0_IBUF (btn0_IBUF)
     FDE:D                     0.102          XLXI_2/XLXI_1
    ----------------------------------------
    Total                      1.903ns (1.324ns logic, 0.579ns route)
                                       (69.6% logic, 30.4% route)

=========================================================================
Timing constraint: Default OFFSET OUT AFTER for Clock 'clk'
  Total number of paths / destination ports: 2772 / 19
-------------------------------------------------------------------------
Offset:              10.282ns (Levels of Logic = 10)
  Source:            XLXI_1/XLXI_3 (FF)
  Destination:       sevenseg<6> (PAD)
  Source Clock:      clk rising 2.0X

  Data Path: XLXI_1/XLXI_3 to sevenseg<6>
                                Gate     Net
    Cell:in->out      fanout   Delay   Delay  Logical Name (Net Name)
    ----------------------------------------  ------------
     FDE:C->Q             10   0.447   1.085  XLXI_1/XLXI_3 (random<2>)
     begin scope: 'XLXI_10'
     LUT3:I0->O            2   0.205   0.845  Mmux_d_tmp31 (D2)
     end scope: 'XLXI_10'
     begin scope: 'XLXI_8'
     LUT3:I0->O            1   0.205   0.580  EQ8_SW0 (N01)
     LUT6:I5->O           16   0.205   1.004  EQ8 (EQ)
     end scope: 'XLXI_8'
     BUF:I->O              1   0.206   0.924  XLXI_7/XLXI_13 (XLXN_18<12>)
     begin scope: 'XLXI_5/XLXI_1/XLXI_4'
     LUT6:I1->O            7   0.203   1.021  Mmux_O11 (O)
     end scope: 'XLXI_5/XLXI_1/XLXI_4'
     LUT4:I0->O            1   0.203   0.579  XLXI_5/XLXI_2/Mram_sevenseg41 (sevenseg_4_OBUF)
     OBUF:I->O                 2.571          sevenseg_4_OBUF (sevenseg<4>)
    ----------------------------------------
    Total                     10.282ns (4.245ns logic, 6.037ns route)
                                       (41.3% logic, 58.7% route)

=========================================================================

Cross Clock Domains Report:
--------------------------

Clock to Setup on destination clock clk
---------------+---------+---------+---------+---------+
               | Src:Rise| Src:Fall| Src:Rise| Src:Fall|
Source Clock   |Dest:Rise|Dest:Rise|Dest:Fall|Dest:Fall|
---------------+---------+---------+---------+---------+
clk            |    3.490|         |         |         |
---------------+---------+---------+---------+---------+

=========================================================================


Total REAL time to Xst completion: 10.00 secs
Total CPU time to Xst completion: 10.05 secs
 
--> 

Total memory usage is 153364 kilobytes

Number of errors   :    0 (   0 filtered)
Number of warnings :   14 (   0 filtered)
Number of infos    :   18 (   0 filtered)

