Release 12.4 - xst M.81d (lin64)
Copyright (c) 1995-2010 Xilinx, Inc.  All rights reserved.
--> 
Parameter TMPDIR set to xst/projnav.tmp


Total REAL time to Xst completion: 0.00 secs
Total CPU time to Xst completion: 0.03 secs
 
--> 
Parameter xsthdpdir set to xst


Total REAL time to Xst completion: 0.00 secs
Total CPU time to Xst completion: 0.03 secs
 
--> 
Reading design: toplevel.prj

TABLE OF CONTENTS
  1) Synthesis Options Summary
  2) HDL Parsing
  3) HDL Elaboration
  4) HDL Synthesis
       4.1) HDL Synthesis Report
  5) Advanced HDL Synthesis
       5.1) Advanced HDL Synthesis Report
  6) Low Level Synthesis
  7) Partition Report
  8) Design Summary
       8.1) Primitive and Black Box Usage
       8.2) Device utilization summary
       8.3) Partition Resource Summary
       8.4) Timing Report
            8.4.1) Clock Information
            8.4.2) Asynchronous Control Signals Information
            8.4.3) Timing Summary
            8.4.4) Timing Details
            8.4.5) Cross Clock Domains Report


=========================================================================
*                      Synthesis Options Summary                        *
=========================================================================
---- Source Parameters
Input File Name                    : "toplevel.prj"
Input Format                       : mixed
Ignore Synthesis Constraint File   : NO

---- Target Parameters
Output File Name                   : "toplevel"
Output Format                      : NGC
Target Device                      : xc6slx16-3-csg324

---- Source Options
Top Module Name                    : toplevel
Automatic FSM Extraction           : YES
FSM Encoding Algorithm             : Auto
Safe Implementation                : No
FSM Style                          : LUT
RAM Extraction                     : Yes
RAM Style                          : Auto
ROM Extraction                     : Yes
Shift Register Extraction          : YES
ROM Style                          : Auto
Resource Sharing                   : YES
Asynchronous To Synchronous        : NO
Shift Register Minimum Size        : 2
Use DSP Block                      : Auto
Automatic Register Balancing       : No

---- Target Options
LUT Combining                      : Auto
Reduce Control Sets                : Auto
Add IO Buffers                     : YES
Global Maximum Fanout              : 100000
Add Generic Clock Buffer(BUFG)     : 16
Register Duplication               : YES
Optimize Instantiated Primitives   : NO
Use Clock Enable                   : Auto
Use Synchronous Set                : Auto
Use Synchronous Reset              : Auto
Pack IO Registers into IOBs        : Auto
Equivalent register Removal        : YES

---- General Options
Optimization Goal                  : Speed
Optimization Effort                : 1
Power Reduction                    : NO
Keep Hierarchy                     : No
Netlist Hierarchy                  : As_Optimized
RTL Output                         : Yes
Global Optimization                : AllClockNets
Read Cores                         : YES
Write Timing Constraints           : NO
Cross Clock Analysis               : NO
Hierarchy Separator                : /
Bus Delimiter                      : <>
Case Specifier                     : Maintain
Slice Utilization Ratio            : 100
BRAM Utilization Ratio             : 100
DSP48 Utilization Ratio            : 100
Auto BRAM Packing                  : NO
Slice Utilization Ratio Delta      : 5

---- Other Options
Cores Search Directories           : {"ipcore_dir/tmp/_cg"  }

=========================================================================


=========================================================================
*                          HDL Parsing                                  *
=========================================================================
Parsing VHDL file "/home/m1/durand/Documents/AEO/roulette/X7seg.vhd" into library work
Parsing entity <X7seg>.
Parsing architecture <Behavioral> of entity <x7seg>.
Parsing VHDL file "/home/m1/durand/Documents/AEO/roulette/shiftanodes.vhf" into library work
Parsing entity <shiftanodes>.
Parsing architecture <BEHAVIORAL> of entity <shiftanodes>.
Parsing VHDL file "/home/m1/durand/Documents/AEO/roulette/Mux4x4.vhf" into library work
Parsing entity <M4_1E_HXILINX_Mux4x4>.
Parsing architecture <M4_1E_HXILINX_Mux4x4_V> of entity <m4_1e_hxilinx_mux4x4>.
Parsing entity <Mux4x4>.
Parsing architecture <BEHAVIORAL> of entity <mux4x4>.
Parsing VHDL file "/home/m1/durand/Documents/AEO/roulette/Enable190.vhf" into library work
Parsing entity <CB4CE_HXILINX_Enable190>.
Parsing architecture <Behavioral> of entity <cb4ce_hxilinx_enable190>.
Parsing entity <CB16CE_HXILINX_Enable190>.
Parsing architecture <Behavioral> of entity <cb16ce_hxilinx_enable190>.
Parsing entity <Enable190>.
Parsing architecture <BEHAVIORAL> of entity <enable190>.
Parsing VHDL file "/home/m1/durand/Documents/AEO/roulette/shiftled.vhf" into library work
Parsing entity <shiftled>.
Parsing architecture <BEHAVIORAL> of entity <shiftled>.
Parsing VHDL file "/home/m1/durand/Documents/AEO/roulette/RDM.vhf" into library work
Parsing entity <RDM>.
Parsing architecture <BEHAVIORAL> of entity <rdm>.
Parsing VHDL file "/home/m1/durand/Documents/AEO/roulette/pulse.vhf" into library work
Parsing entity <pulse>.
Parsing architecture <BEHAVIORAL> of entity <pulse>.
Parsing VHDL file "/home/m1/durand/Documents/AEO/roulette/mux2x8.vhf" into library work
Parsing entity <M2_1_HXILINX_mux2x8>.
Parsing architecture <M2_1_HXILINX_mux2x8_V> of entity <m2_1_hxilinx_mux2x8>.
Parsing entity <mux2x8>.
Parsing architecture <BEHAVIORAL> of entity <mux2x8>.
Parsing VHDL file "/home/m1/durand/Documents/AEO/roulette/ipcore_dir/tmp/_cg/timer.vhd" into library work
Parsing entity <timer>.
Parsing architecture <xilinx> of entity <timer>.
Parsing VHDL file "/home/m1/durand/Documents/AEO/roulette/broadcast.vhf" into library work
Parsing entity <broadcast>.
Parsing architecture <BEHAVIORAL> of entity <broadcast>.
Parsing VHDL file "/home/m1/durand/Documents/AEO/roulette/afficheur.vhf" into library work
Parsing entity <CB4CE_HXILINX_afficheur>.
Parsing architecture <Behavioral> of entity <cb4ce_hxilinx_afficheur>.
Parsing entity <CB16CE_HXILINX_afficheur>.
Parsing architecture <Behavioral> of entity <cb16ce_hxilinx_afficheur>.
Parsing entity <M4_1E_HXILINX_afficheur>.
Parsing architecture <M4_1E_HXILINX_afficheur_V> of entity <m4_1e_hxilinx_afficheur>.
Parsing entity <CB2CE_HXILINX_afficheur>.
Parsing architecture <Behavioral> of entity <cb2ce_hxilinx_afficheur>.
Parsing entity <shiftanodes_MUSER_afficheur>.
Parsing architecture <BEHAVIORAL> of entity <shiftanodes_muser_afficheur>.
Parsing entity <Enable190_MUSER_afficheur>.
Parsing architecture <BEHAVIORAL> of entity <enable190_muser_afficheur>.
Parsing entity <Mux4x4_MUSER_afficheur>.
Parsing architecture <BEHAVIORAL> of entity <mux4x4_muser_afficheur>.
Parsing entity <afficheur>.
Parsing architecture <BEHAVIORAL> of entity <afficheur>.
Parsing VHDL file "/home/m1/durand/Documents/AEO/roulette/toplevel.vhf" into library work
Parsing entity <CB4CE_HXILINX_toplevel>.
Parsing architecture <Behavioral> of entity <cb4ce_hxilinx_toplevel>.
Parsing entity <COMP8_HXILINX_toplevel>.
Parsing architecture <COMP8_HXILINX_toplevel_V> of entity <comp8_hxilinx_toplevel>.
Parsing entity <CB16CE_HXILINX_toplevel>.
Parsing architecture <Behavioral> of entity <cb16ce_hxilinx_toplevel>.
Parsing entity <D3_8E_HXILINX_toplevel>.
Parsing architecture <D3_8E_HXILINX_toplevel_V> of entity <d3_8e_hxilinx_toplevel>.
Parsing entity <M4_1E_HXILINX_toplevel>.
Parsing architecture <M4_1E_HXILINX_toplevel_V> of entity <m4_1e_hxilinx_toplevel>.
Parsing entity <FJKC_HXILINX_toplevel>.
Parsing architecture <Behavioral> of entity <fjkc_hxilinx_toplevel>.
Parsing entity <M2_1_HXILINX_toplevel>.
Parsing architecture <M2_1_HXILINX_toplevel_V> of entity <m2_1_hxilinx_toplevel>.
Parsing entity <CB2CE_HXILINX_toplevel>.
Parsing architecture <Behavioral> of entity <cb2ce_hxilinx_toplevel>.
Parsing entity <shiftled_MUSER_toplevel>.
Parsing architecture <BEHAVIORAL> of entity <shiftled_muser_toplevel>.
Parsing entity <Enable190_MUSER_toplevel>.
Parsing architecture <BEHAVIORAL> of entity <enable190_muser_toplevel>.
Parsing entity <mux2x8_MUSER_toplevel>.
Parsing architecture <BEHAVIORAL> of entity <mux2x8_muser_toplevel>.
Parsing entity <pulse_MUSER_toplevel>.
Parsing architecture <BEHAVIORAL> of entity <pulse_muser_toplevel>.
Parsing entity <shiftanodes_MUSER_toplevel>.
Parsing architecture <BEHAVIORAL> of entity <shiftanodes_muser_toplevel>.
Parsing entity <Mux4x4_MUSER_toplevel>.
Parsing architecture <BEHAVIORAL> of entity <mux4x4_muser_toplevel>.
Parsing entity <afficheur_MUSER_toplevel>.
Parsing architecture <BEHAVIORAL> of entity <afficheur_muser_toplevel>.
Parsing entity <broadcast_MUSER_toplevel>.
Parsing architecture <BEHAVIORAL> of entity <broadcast_muser_toplevel>.
Parsing entity <RDM_MUSER_toplevel>.
Parsing architecture <BEHAVIORAL> of entity <rdm_muser_toplevel>.
Parsing entity <toplevel>.
Parsing architecture <BEHAVIORAL> of entity <toplevel>.

=========================================================================
*                            HDL Elaboration                            *
=========================================================================

Elaborating entity <toplevel> (architecture <BEHAVIORAL>) from library <work>.

Elaborating entity <timer> (architecture <xilinx>) from library <work>.

Elaborating entity <Enable190_MUSER_toplevel> (architecture <BEHAVIORAL>) from library <work>.

Elaborating entity <CB16CE_HXILINX_toplevel> (architecture <Behavioral>) from library <work>.

Elaborating entity <CB4CE_HXILINX_toplevel> (architecture <Behavioral>) from library <work>.
WARNING:HDLCompiler:634 - "/home/m1/durand/Documents/AEO/roulette/toplevel.vhf" Line 455: Net <XLXI_1_CLR_openSignal> does not have a driver.
WARNING:HDLCompiler:634 - "/home/m1/durand/Documents/AEO/roulette/toplevel.vhf" Line 456: Net <XLXI_2_CLR_openSignal> does not have a driver.

Elaborating entity <pulse_MUSER_toplevel> (architecture <BEHAVIORAL>) from library <work>.

Elaborating entity <RDM_MUSER_toplevel> (architecture <BEHAVIORAL>) from library <work>.

Elaborating entity <afficheur_MUSER_toplevel> (architecture <BEHAVIORAL>) from library <work>.

Elaborating entity <Mux4x4_MUSER_toplevel> (architecture <BEHAVIORAL>) from library <work>.

Elaborating entity <M4_1E_HXILINX_toplevel> (architecture <M4_1E_HXILINX_toplevel_V>) from library <work>.
INFO:HDLCompiler:679 - "/home/m1/durand/Documents/AEO/roulette/toplevel.vhf" Line 227. Case statement is complete. others clause is never selected

Elaborating entity <X7seg> (architecture <Behavioral>) from library <work>.

Elaborating entity <CB2CE_HXILINX_toplevel> (architecture <Behavioral>) from library <work>.

Elaborating entity <shiftanodes_MUSER_toplevel> (architecture <BEHAVIORAL>) from library <work>.
WARNING:HDLCompiler:634 - "/home/m1/durand/Documents/AEO/roulette/toplevel.vhf" Line 906: Net <XLXI_3_CLR_openSignal> does not have a driver.

Elaborating entity <D3_8E_HXILINX_toplevel> (architecture <D3_8E_HXILINX_toplevel_V>) from library <work>.
INFO:HDLCompiler:679 - "/home/m1/durand/Documents/AEO/roulette/toplevel.vhf" Line 178. Case statement is complete. others clause is never selected

Elaborating entity <COMP8_HXILINX_toplevel> (architecture <COMP8_HXILINX_toplevel_V>) from library <work>.

Elaborating entity <broadcast_MUSER_toplevel> (architecture <BEHAVIORAL>) from library <work>.

Elaborating entity <FJKC_HXILINX_toplevel> (architecture <Behavioral>) with generics from library <work>.

Elaborating entity <mux2x8_MUSER_toplevel> (architecture <BEHAVIORAL>) from library <work>.

Elaborating entity <M2_1_HXILINX_toplevel> (architecture <M2_1_HXILINX_toplevel_V>) from library <work>.
INFO:HDLCompiler:679 - "/home/m1/durand/Documents/AEO/roulette/toplevel.vhf" Line 303. Case statement is complete. others clause is never selected

Elaborating entity <shiftled_MUSER_toplevel> (architecture <BEHAVIORAL>) from library <work>.
WARNING:HDLCompiler:634 - "/home/m1/durand/Documents/AEO/roulette/toplevel.vhf" Line 1166: Net <XLXI_36_CLR_openSignal> does not have a driver.

=========================================================================
*                           HDL Synthesis                               *
=========================================================================

Synthesizing Unit <toplevel>.
    Related source file is "/home/m1/durand/Documents/AEO/roulette/toplevel.vhf".
    Set property "HU_SET = XLXI_15_15" for instance <XLXI_15>.
    Set property "HU_SET = XLXI_17_17" for instance <XLXI_17>.
    Set property "HU_SET = XLXI_36_16" for instance <XLXI_36>.
WARNING:Xst:653 - Signal <XLXI_36_CLR_openSignal> is used but never assigned. This sourceless signal will be automatically connected to value GND.
    Summary:
	no macro.
Unit <toplevel> synthesized.

Synthesizing Unit <timer>.
    Related source file is "/home/m1/durand/Documents/AEO/roulette/ipcore_dir/tmp/_cg/timer.vhd".
    Summary:
	no macro.
Unit <timer> synthesized.

Synthesizing Unit <Enable190_MUSER_toplevel>.
    Related source file is "/home/m1/durand/Documents/AEO/roulette/toplevel.vhf".
    Set property "HU_SET = XLXI_1_0" for instance <XLXI_1>.
    Set property "HU_SET = XLXI_2_1" for instance <XLXI_2>.
INFO:Xst:3010 - "/home/m1/durand/Documents/AEO/roulette/toplevel.vhf" line 507: Output port <Q> of the instance <XLXI_1> is unconnected or connected to loadless signal.
INFO:Xst:3010 - "/home/m1/durand/Documents/AEO/roulette/toplevel.vhf" line 507: Output port <TC> of the instance <XLXI_1> is unconnected or connected to loadless signal.
INFO:Xst:3010 - "/home/m1/durand/Documents/AEO/roulette/toplevel.vhf" line 515: Output port <CEO> of the instance <XLXI_2> is unconnected or connected to loadless signal.
INFO:Xst:3010 - "/home/m1/durand/Documents/AEO/roulette/toplevel.vhf" line 515: Output port <Q0> of the instance <XLXI_2> is unconnected or connected to loadless signal.
INFO:Xst:3010 - "/home/m1/durand/Documents/AEO/roulette/toplevel.vhf" line 515: Output port <Q1> of the instance <XLXI_2> is unconnected or connected to loadless signal.
INFO:Xst:3010 - "/home/m1/durand/Documents/AEO/roulette/toplevel.vhf" line 515: Output port <Q3> of the instance <XLXI_2> is unconnected or connected to loadless signal.
INFO:Xst:3010 - "/home/m1/durand/Documents/AEO/roulette/toplevel.vhf" line 515: Output port <TC> of the instance <XLXI_2> is unconnected or connected to loadless signal.
WARNING:Xst:653 - Signal <XLXI_1_CLR_openSignal> is used but never assigned. This sourceless signal will be automatically connected to value GND.
WARNING:Xst:653 - Signal <XLXI_2_CLR_openSignal> is used but never assigned. This sourceless signal will be automatically connected to value GND.
    Summary:
	no macro.
Unit <Enable190_MUSER_toplevel> synthesized.

Synthesizing Unit <CB16CE_HXILINX_toplevel>.
    Related source file is "/home/m1/durand/Documents/AEO/roulette/toplevel.vhf".
    Found 16-bit register for signal <COUNT>.
    Found 16-bit adder for signal <COUNT[15]_GND_15_o_add_0_OUT> created at line 123.
    Summary:
	inferred   1 Adder/Subtractor(s).
	inferred  16 D-type flip-flop(s).
	inferred   1 Multiplexer(s).
Unit <CB16CE_HXILINX_toplevel> synthesized.

Synthesizing Unit <CB4CE_HXILINX_toplevel>.
    Related source file is "/home/m1/durand/Documents/AEO/roulette/toplevel.vhf".
    Found 4-bit register for signal <COUNT>.
    Found 4-bit adder for signal <COUNT[3]_GND_16_o_add_0_OUT> created at line 57.
    Summary:
	inferred   1 Adder/Subtractor(s).
	inferred   4 D-type flip-flop(s).
	inferred   1 Multiplexer(s).
Unit <CB4CE_HXILINX_toplevel> synthesized.

Synthesizing Unit <pulse_MUSER_toplevel>.
    Related source file is "/home/m1/durand/Documents/AEO/roulette/toplevel.vhf".
    Summary:
	no macro.
Unit <pulse_MUSER_toplevel> synthesized.

Synthesizing Unit <RDM_MUSER_toplevel>.
    Related source file is "/home/m1/durand/Documents/AEO/roulette/toplevel.vhf".
    Summary:
	no macro.
Unit <RDM_MUSER_toplevel> synthesized.

Synthesizing Unit <afficheur_MUSER_toplevel>.
    Related source file is "/home/m1/durand/Documents/AEO/roulette/toplevel.vhf".
    Set property "HU_SET = XLXI_3_14" for instance <XLXI_3>.
INFO:Xst:3010 - "/home/m1/durand/Documents/AEO/roulette/toplevel.vhf" line 956: Output port <CEO> of the instance <XLXI_3> is unconnected or connected to loadless signal.
INFO:Xst:3010 - "/home/m1/durand/Documents/AEO/roulette/toplevel.vhf" line 956: Output port <TC> of the instance <XLXI_3> is unconnected or connected to loadless signal.
WARNING:Xst:653 - Signal <XLXI_3_CLR_openSignal> is used but never assigned. This sourceless signal will be automatically connected to value GND.
    Summary:
	no macro.
Unit <afficheur_MUSER_toplevel> synthesized.

Synthesizing Unit <Mux4x4_MUSER_toplevel>.
    Related source file is "/home/m1/durand/Documents/AEO/roulette/toplevel.vhf".
    Set property "HU_SET = XLXI_1_10" for instance <XLXI_1>.
    Set property "HU_SET = XLXI_2_11" for instance <XLXI_2>.
    Set property "HU_SET = XLXI_3_12" for instance <XLXI_3>.
    Set property "HU_SET = XLXI_4_13" for instance <XLXI_4>.
    Summary:
	no macro.
Unit <Mux4x4_MUSER_toplevel> synthesized.

Synthesizing Unit <M4_1E_HXILINX_toplevel>.
    Related source file is "/home/m1/durand/Documents/AEO/roulette/toplevel.vhf".
    Found 1-bit 4-to-1 multiplexer for signal <S1_D3_Mux_0_o> created at line 222.
    Summary:
	inferred   2 Multiplexer(s).
Unit <M4_1E_HXILINX_toplevel> synthesized.

Synthesizing Unit <X7seg>.
    Related source file is "/home/m1/durand/Documents/AEO/roulette/X7seg.vhd".
    Found 16x7-bit Read Only RAM for signal <sevenseg>
    Summary:
	inferred   1 RAM(s).
Unit <X7seg> synthesized.

Synthesizing Unit <CB2CE_HXILINX_toplevel>.
    Related source file is "/home/m1/durand/Documents/AEO/roulette/toplevel.vhf".
    Found 2-bit register for signal <COUNT>.
    Found 2-bit adder for signal <COUNT[1]_GND_23_o_add_0_OUT> created at line 341.
    Summary:
	inferred   1 Adder/Subtractor(s).
	inferred   2 D-type flip-flop(s).
	inferred   1 Multiplexer(s).
Unit <CB2CE_HXILINX_toplevel> synthesized.

Synthesizing Unit <shiftanodes_MUSER_toplevel>.
    Related source file is "/home/m1/durand/Documents/AEO/roulette/toplevel.vhf".
    Summary:
	no macro.
Unit <shiftanodes_MUSER_toplevel> synthesized.

Synthesizing Unit <D3_8E_HXILINX_toplevel>.
    Related source file is "/home/m1/durand/Documents/AEO/roulette/toplevel.vhf".
    Summary:
	inferred   1 Multiplexer(s).
Unit <D3_8E_HXILINX_toplevel> synthesized.

Synthesizing Unit <COMP8_HXILINX_toplevel>.
    Related source file is "/home/m1/durand/Documents/AEO/roulette/toplevel.vhf".
    Found 8-bit comparator equal for signal <EQ> created at line 89
    Summary:
	inferred   1 Comparator(s).
Unit <COMP8_HXILINX_toplevel> synthesized.

Synthesizing Unit <broadcast_MUSER_toplevel>.
    Related source file is "/home/m1/durand/Documents/AEO/roulette/toplevel.vhf".
    Summary:
	no macro.
Unit <broadcast_MUSER_toplevel> synthesized.

Synthesizing Unit <FJKC_HXILINX_toplevel>.
    Related source file is "/home/m1/durand/Documents/AEO/roulette/toplevel.vhf".
        INIT = '0'
    Found 1-bit register for signal <q_tmp>.
    Summary:
	inferred   1 D-type flip-flop(s).
	inferred   2 Multiplexer(s).
Unit <FJKC_HXILINX_toplevel> synthesized.

Synthesizing Unit <mux2x8_MUSER_toplevel>.
    Related source file is "/home/m1/durand/Documents/AEO/roulette/toplevel.vhf".
    Set property "HU_SET = XLXI_1_2" for instance <XLXI_1>.
    Set property "HU_SET = XLXI_2_3" for instance <XLXI_2>.
    Set property "HU_SET = XLXI_3_4" for instance <XLXI_3>.
    Set property "HU_SET = XLXI_4_5" for instance <XLXI_4>.
    Set property "HU_SET = XLXI_5_6" for instance <XLXI_5>.
    Set property "HU_SET = XLXI_6_7" for instance <XLXI_6>.
    Set property "HU_SET = XLXI_7_8" for instance <XLXI_7>.
    Set property "HU_SET = XLXI_8_9" for instance <XLXI_8>.
    Summary:
	no macro.
Unit <mux2x8_MUSER_toplevel> synthesized.

Synthesizing Unit <M2_1_HXILINX_toplevel>.
    Related source file is "/home/m1/durand/Documents/AEO/roulette/toplevel.vhf".
    Summary:
	inferred   1 Multiplexer(s).
Unit <M2_1_HXILINX_toplevel> synthesized.

Synthesizing Unit <shiftled_MUSER_toplevel>.
    Related source file is "/home/m1/durand/Documents/AEO/roulette/toplevel.vhf".
    Summary:
	no macro.
Unit <shiftled_MUSER_toplevel> synthesized.
RTL-Simplification CPUSTAT: 0.01 
RTL-BasicInf CPUSTAT: 0.10 
RTL-BasicOpt CPUSTAT: 0.01 
RTL-Remain-Bus CPUSTAT: 0.00 

=========================================================================
HDL Synthesis Report

Macro Statistics
# RAMs                                                 : 1
 16x7-bit single-port Read Only RAM                    : 1
# Adders/Subtractors                                   : 7
 16-bit adder                                          : 3
 2-bit adder                                           : 1
 4-bit adder                                           : 3
# Registers                                            : 8
 1-bit register                                        : 1
 16-bit register                                       : 3
 2-bit register                                        : 1
 4-bit register                                        : 3
# Comparators                                          : 1
 8-bit comparator equal                                : 1
# Multiplexers                                         : 26
 1-bit 2-to-1 multiplexer                              : 21
 1-bit 4-to-1 multiplexer                              : 4
 8-bit 2-to-1 multiplexer                              : 1

=========================================================================

=========================================================================
*                       Advanced HDL Synthesis                          *
=========================================================================


Synthesizing (advanced) Unit <CB16CE_HXILINX_toplevel>.
The following registers are absorbed into counter <COUNT>: 1 register on signal <COUNT>.
Unit <CB16CE_HXILINX_toplevel> synthesized (advanced).

Synthesizing (advanced) Unit <CB2CE_HXILINX_toplevel>.
The following registers are absorbed into counter <COUNT>: 1 register on signal <COUNT>.
Unit <CB2CE_HXILINX_toplevel> synthesized (advanced).

Synthesizing (advanced) Unit <CB4CE_HXILINX_toplevel>.
The following registers are absorbed into counter <COUNT>: 1 register on signal <COUNT>.
Unit <CB4CE_HXILINX_toplevel> synthesized (advanced).

Synthesizing (advanced) Unit <X7seg>.
INFO:Xst:3031 - HDL ADVISOR - The RAM <Mram_sevenseg> will be implemented on LUTs either because you have described an asynchronous read or because of currently unsupported block RAM features. If you have described an asynchronous read, making it synchronous would allow you to take advantage of available block RAM resources, for optimized device usage and improved timings. Please refer to your documentation for coding guidelines.
    -----------------------------------------------------------------------
    | ram_type           | Distributed                         |          |
    -----------------------------------------------------------------------
    | Port A                                                              |
    |     aspect ratio   | 16-word x 7-bit                     |          |
    |     weA            | connected to signal <GND>           | high     |
    |     addrA          | connected to signal <Sw>            |          |
    |     diA            | connected to signal <GND>           |          |
    |     doA            | connected to signal <sevenseg>      |          |
    -----------------------------------------------------------------------
Unit <X7seg> synthesized (advanced).

=========================================================================
Advanced HDL Synthesis Report

Macro Statistics
# RAMs                                                 : 1
 16x7-bit single-port distributed Read Only RAM        : 1
# Counters                                             : 7
 16-bit up counter                                     : 3
 2-bit up counter                                      : 1
 4-bit up counter                                      : 3
# Registers                                            : 35
 Flip-Flops                                            : 35
# Comparators                                          : 1
 8-bit comparator equal                                : 1
# Multiplexers                                         : 11
 1-bit 2-to-1 multiplexer                              : 6
 1-bit 4-to-1 multiplexer                              : 4
 8-bit 2-to-1 multiplexer                              : 1

=========================================================================

=========================================================================
*                         Low Level Synthesis                           *
=========================================================================

Optimizing unit <toplevel> ...

Optimizing unit <COMP8_HXILINX_toplevel> ...

Optimizing unit <pulse_MUSER_toplevel> ...

Optimizing unit <broadcast_MUSER_toplevel> ...

Optimizing unit <FJKC_HXILINX_toplevel> ...

Optimizing unit <CB16CE_HXILINX_toplevel> ...

Optimizing unit <CB4CE_HXILINX_toplevel> ...

Optimizing unit <CB2CE_HXILINX_toplevel> ...

Optimizing unit <M4_1E_HXILINX_toplevel> ...

Optimizing unit <shiftled_MUSER_toplevel> ...

Optimizing unit <mux2x8_MUSER_toplevel> ...

Optimizing unit <M2_1_HXILINX_toplevel> ...

Optimizing unit <D3_8E_HXILINX_toplevel> ...
WARNING:Xst:2677 - Node <COUNT_3> of sequential type is unconnected in block <XLXI_6/XLXI_5/XLXI_2>.
WARNING:Xst:2677 - Node <COUNT_3> of sequential type is unconnected in block <XLXI_3/XLXI_2>.
WARNING:Xst:2677 - Node <COUNT_3> of sequential type is unconnected in block <XLXI_46/XLXI_2>.

Mapping all equations...
Building and optimizing final netlist ...
Found area constraint ratio of 100 (+ 5) on block toplevel, actual ratio is 1.

Final Macro Processing ...

=========================================================================
Final Register Report

Macro Statistics
# Registers                                            : 94
 Flip-Flops                                            : 94

=========================================================================

=========================================================================
*                           Partition Report                            *
=========================================================================

Partition Implementation Status
-------------------------------

  No Partitions were found in this design.

-------------------------------

=========================================================================
*                            Design Summary                             *
=========================================================================

Top Level Output File Name         : toplevel.ngc

Primitive and Black Box Usage:
------------------------------
# BELS                             : 226
#      AND3                        : 4
#      BUF                         : 16
#      GND                         : 4
#      INV                         : 12
#      LUT1                        : 45
#      LUT2                        : 4
#      LUT3                        : 20
#      LUT4                        : 7
#      LUT6                        : 16
#      MUXCY                       : 45
#      VCC                         : 4
#      XOR2                        : 1
#      XORCY                       : 48
# FlipFlops/Latches                : 94
#      FD                          : 12
#      FDC                         : 1
#      FDCE                        : 59
#      FDE                         : 22
# Clock Buffers                    : 2
#      BUFG                        : 2
# IO Buffers                       : 30
#      IBUF                        : 10
#      IBUFG                       : 1
#      OBUF                        : 19
# DCMs                             : 1
#      DCM_SP                      : 1
# Logical                          : 3
#      NOR2                        : 3

Device utilization summary:
---------------------------

Selected Device : 6slx16csg324-3 


Slice Logic Utilization: 
 Number of Slice Registers:              94  out of  18224     0%  
 Number of Slice LUTs:                  104  out of   9112     1%  
    Number used as Logic:               104  out of   9112     1%  

Slice Logic Distribution: 
 Number of LUT Flip Flop pairs used:    198
   Number with an unused Flip Flop:     104  out of    198    52%  
   Number with an unused LUT:            94  out of    198    47%  
   Number of fully used LUT-FF pairs:     0  out of    198     0%  
   Number of unique control sets:        14

IO Utilization: 
 Number of IOs:                          30
 Number of bonded IOBs:                  30  out of    232    12%  

Specific Feature Utilization:
 Number of BUFG/BUFGCTRLs:                2  out of     16    12%  

---------------------------
Partition Resource Summary:
---------------------------

  No Partitions were found in this design.

---------------------------


=========================================================================
Timing Report

NOTE: THESE TIMING NUMBERS ARE ONLY A SYNTHESIS ESTIMATE.
      FOR ACCURATE TIMING INFORMATION PLEASE REFER TO THE TRACE REPORT
      GENERATED AFTER PLACE-and-ROUTE.

Clock Information:
------------------
-----------------------------------+-------------------------+-------+
Clock Signal                       | Clock buffer(FF name)   | Load  |
-----------------------------------+-------------------------+-------+
clk                                | XLXI_2/dcm_sp_inst:CLK2X| 65    |
clk                                | XLXI_2/dcm_sp_inst:CLKDV| 29    |
-----------------------------------+-------------------------+-------+

Asynchronous Control Signals Information:
----------------------------------------
No asynchronous control signals found in this design

Timing Summary:
---------------
Speed Grade: -3

   Minimum period: 6.981ns (Maximum Frequency: 143.252MHz)
   Minimum input arrival time before clock: 1.903ns
   Maximum output required time after clock: 10.751ns
   Maximum combinational path delay: 10.206ns

Timing Details:
---------------
All values displayed in nanoseconds (ns)

=========================================================================
Timing constraint: Default period analysis for Clock 'clk'
  Clock period: 6.981ns (frequency: 143.252MHz)
  Total number of paths / destination ports: 669 / 125
-------------------------------------------------------------------------
Delay:               3.490ns (Levels of Logic = 3)
  Source:            XLXI_6/XLXI_5/XLXI_1/COUNT_5 (FF)
  Destination:       XLXI_6/XLXI_5/XLXI_2/COUNT_0 (FF)
  Source Clock:      clk rising 2.0X
  Destination Clock: clk rising 2.0X

  Data Path: XLXI_6/XLXI_5/XLXI_1/COUNT_5 to XLXI_6/XLXI_5/XLXI_2/COUNT_0
                                Gate     Net
    Cell:in->out      fanout   Delay   Delay  Logical Name (Net Name)
    ----------------------------------------  ------------
     FDCE:C->Q             2   0.447   0.981  COUNT_5 (COUNT_5)
     LUT6:I0->O            1   0.203   0.684  COUNT[15]_PWR_10_o_equal_5_o<15>2 (COUNT[15]_PWR_10_o_equal_5_o<15>1)
     LUT6:I4->O            3   0.203   0.650  COUNT[15]_PWR_10_o_equal_5_o<15>3 (CEO)
     end scope: 'XLXI_6/XLXI_5/XLXI_1'
     begin scope: 'XLXI_6/XLXI_5/XLXI_2'
     FDCE:CE                   0.322          COUNT_0
    ----------------------------------------
    Total                      3.490ns (1.175ns logic, 2.315ns route)
                                       (33.7% logic, 66.3% route)

=========================================================================
Timing constraint: Default OFFSET IN BEFORE for Clock 'clk'
  Total number of paths / destination ports: 2 / 2
-------------------------------------------------------------------------
Offset:              1.903ns (Levels of Logic = 1)
  Source:            btn1 (PAD)
  Destination:       XLXI_43/XLXI_4 (FF)
  Destination Clock: clk rising 2.0X

  Data Path: btn1 to XLXI_43/XLXI_4
                                Gate     Net
    Cell:in->out      fanout   Delay   Delay  Logical Name (Net Name)
    ----------------------------------------  ------------
     IBUF:I->O             1   1.222   0.579  btn1_IBUF (btn1_IBUF)
     FDE:D                     0.102          XLXI_43/XLXI_4
    ----------------------------------------
    Total                      1.903ns (1.324ns logic, 0.579ns route)
                                       (69.6% logic, 30.4% route)

=========================================================================
Timing constraint: Default OFFSET OUT AFTER for Clock 'clk'
  Total number of paths / destination ports: 2788 / 19
-------------------------------------------------------------------------
Offset:              10.751ns (Levels of Logic = 10)
  Source:            XLXI_5/XLXI_2 (FF)
  Destination:       sevenseg<6> (PAD)
  Source Clock:      clk rising 2.0X

  Data Path: XLXI_5/XLXI_2 to sevenseg<6>
                                Gate     Net
    Cell:in->out      fanout   Delay   Delay  Logical Name (Net Name)
    ----------------------------------------  ------------
     FDE:C->Q              9   0.447   1.058  XLXI_5/XLXI_2 (random<1>)
     begin scope: 'XLXI_15'
     LUT3:I0->O            2   0.205   0.981  Mmux_d_tmp21 (D1)
     end scope: 'XLXI_15'
     begin scope: 'XLXI_17'
     LUT6:I0->O            1   0.203   0.944  EQ81 (EQ8)
     LUT6:I0->O           16   0.203   1.004  EQ83 (EQ)
     end scope: 'XLXI_17'
     BUF:I->O              1   0.206   0.924  XLXI_28/XLXI_13 (XLXN_83<12>)
     begin scope: 'XLXI_6/XLXI_1/XLXI_4'
     LUT6:I1->O            7   0.203   1.021  Mmux_O11 (O)
     end scope: 'XLXI_6/XLXI_1/XLXI_4'
     LUT4:I0->O            1   0.203   0.579  XLXI_6/XLXI_2/Mram_sevenseg41 (sevenseg_4_OBUF)
     OBUF:I->O                 2.571          sevenseg_4_OBUF (sevenseg<4>)
    ----------------------------------------
    Total                     10.751ns (4.241ns logic, 6.510ns route)
                                       (39.4% logic, 60.6% route)

=========================================================================
Timing constraint: Default path analysis
  Total number of paths / destination ports: 896 / 7
-------------------------------------------------------------------------
Delay:               10.206ns (Levels of Logic = 9)
  Source:            switches<1> (PAD)
  Destination:       sevenseg<6> (PAD)

  Data Path: switches<1> to sevenseg<6>
                                Gate     Net
    Cell:in->out      fanout   Delay   Delay  Logical Name (Net Name)
    ----------------------------------------  ------------
     IBUF:I->O             1   1.222   0.924  switches_1_IBUF (switches_1_IBUF)
     begin scope: 'XLXI_17'
     LUT6:I1->O            1   0.203   0.944  EQ81 (EQ8)
     LUT6:I0->O           16   0.203   1.004  EQ83 (EQ)
     end scope: 'XLXI_17'
     BUF:I->O              1   0.206   0.924  XLXI_28/XLXI_13 (XLXN_83<12>)
     begin scope: 'XLXI_6/XLXI_1/XLXI_4'
     LUT6:I1->O            7   0.203   1.021  Mmux_O11 (O)
     end scope: 'XLXI_6/XLXI_1/XLXI_4'
     LUT4:I0->O            1   0.203   0.579  XLXI_6/XLXI_2/Mram_sevenseg41 (sevenseg_4_OBUF)
     OBUF:I->O                 2.571          sevenseg_4_OBUF (sevenseg<4>)
    ----------------------------------------
    Total                     10.206ns (4.811ns logic, 5.395ns route)
                                       (47.1% logic, 52.9% route)

=========================================================================

Cross Clock Domains Report:
--------------------------

Clock to Setup on destination clock clk
---------------+---------+---------+---------+---------+
               | Src:Rise| Src:Fall| Src:Rise| Src:Fall|
Source Clock   |Dest:Rise|Dest:Rise|Dest:Fall|Dest:Fall|
---------------+---------+---------+---------+---------+
clk            |    3.750|         |         |         |
---------------+---------+---------+---------+---------+

=========================================================================


Total REAL time to Xst completion: 3.00 secs
Total CPU time to Xst completion: 2.72 secs
 
--> 


Total memory usage is 376784 kilobytes

Number of errors   :    0 (   0 filtered)
Number of warnings :   11 (   0 filtered)
Number of infos    :   10 (   0 filtered)

