Command line:
   RDM_isim_beh.exe
     -simmode  gui
     -simrunnum  0
     -socket  41374

Fri Sep 25 10:44:38 2015


 Elaboration Time: 0 sec

 Current Memory Usage: 157.729 Meg

 Total Signals          : 51
 Total Nets             : 38
 Total Signal Drivers   : 10
 Total Blocks           : 9
 Total Primitive Blocks : 8
 Total Processes        : 10
 Total Traceable Variables  : 17
 Total Scalar Nets and Variables : 525
Total Line Count : 18

 Total Simulation Time: 0.04 sec

 Current Memory Usage: 232.186 Meg

Fri Sep 25 10:47:11 2015

