Command line:
   random_isim_beh.exe
     -simmode  gui
     -simrunnum  0
     -socket  39611

Tue Nov 17 18:28:00 2015


 Elaboration Time: 0 sec

 Current Memory Usage: 156.455 Meg

 Total Signals          : 5
 Total Nets             : 67
 Total Signal Drivers   : 2
 Total Blocks           : 2
 Total Primitive Blocks : 2
 Total Processes        : 1
 Total Traceable Variables  : 8
 Total Scalar Nets and Variables : 427
Total Line Count : 7
Total Line Count : 7

 Total Simulation Time: 0.07 sec

 Current Memory Usage: 231.928 Meg

Tue Nov 17 18:28:48 2015

