ISim log file
Running: /home/m1/wissocq/Documents/M1S1/AEO/TP1/Enable190_isim_beh.exe -gui -tclbatch isim.cmd -wdb /home/m1/wissocq/Documents/M1S1/AEO/TP1/Enable190_isim_beh.wdb 
ISim M.81d (signature 0x9ca8bed6)
WARNING: A WEBPACK license was found.
WARNING: Please use Xilinx License Configuration Manager to check out a full ISim license.
WARNING: ISim will run in Lite mode. Please refer to the ISim documentation for more information on the differences between the Lite and the Full version.
This is a Lite version of ISim.
Time resolution is 1 ps
# onerror resume
# wave add /
# run 1000 ns
Simulator is doing circuit initialization process.
Finished circuit initialization process.
# isim force add /enable190/clk 1 -radix hex -value 0 -radix hex -time 5 ns -repeat 10 ns
# run 1.00us
# isim force add /enable190/enable190 1 -radix bin
# run 1.00us
# isim force add /enable190/enable190 0 -radix bin
# run 1.00us
# exit 0
