Command line:
   pulse_isim_beh.exe
     -simmode  gui
     -simrunnum  0
     -socket  42755

Fri Sep 25 10:58:33 2015


 Elaboration Time: 0.01 sec

 Current Memory Usage: 157.725 Meg

 Total Signals          : 72
 Total Nets             : 41
 Total Signal Drivers   : 15
 Total Blocks           : 13
 Total Primitive Blocks : 12
 Total Processes        : 15
 Total Traceable Variables  : 19
 Total Scalar Nets and Variables : 530
Total Line Count : 24

 Total Simulation Time: 0.2 sec

 Current Memory Usage: 232.182 Meg

Fri Sep 25 12:14:19 2015

