ISim log file
Running: /home/m1/durand/Documents/AEO/TP6/random_isim_beh.exe -gui -tclbatch isim.cmd -wdb /home/m1/durand/Documents/AEO/TP6/random_isim_beh.wdb 
ISim M.81d (signature 0x9ca8bed6)
WARNING: A WEBPACK license was found.
WARNING: Please use Xilinx License Configuration Manager to check out a full ISim license.
WARNING: ISim will run in Lite mode. Please refer to the ISim documentation for more information on the differences between the Lite and the Full version.
This is a Lite version of ISim.
Time resolution is 1 ps
# onerror resume
# wave add /
# run 1000 ns
Simulator is doing circuit initialization process.
Finished circuit initialization process.
# isim force add /random/clk 0 -radix bin -value 1 -radix bin -time 5 ns -repeat 10 ns -cancel 1 ps
# isim force add /random/clk 0 -radix bin -value 1 -radix bin -time 5 ns -repeat 10 ns -cancel 1 ps
# run all
# run all
# run all
# run all
# run all
# run all
# run 1.00us
# run 1.00us
# run 1.00us
# run 1.00us
# restart
# run all
Simulator is doing circuit initialization process.
Finished circuit initialization process.
# run all
# run all
# run all
# run 1.00us
# run 1.00us
# run 1.00us
# run 1.00us
# run 1.00us
# run 1.00us
# run 1.00us
# run 1.00us
# run 1.00us
# run 1.00us
# run 1.00us
# run 1.00us
# run 1.00us
# run 1.00us
# run 1.00us
# run 1.00us
# run 1.00us
# run 1.00us
# run 1.00us
# run 1.00us
# run 1.00us
# run 1.00us
# run 1.00us
# exit 0
